find_header: checking for prism.h in /Users/hongchix/xiahongchi.github.io/vendor/bundle/ruby/3.4.0/gems/prism-1.9.0/include... -------------------- yes

DYLD_LIBRARY_PATH=.:/opt/homebrew/Cellar/ruby@3.4/3.4.8/lib ASAN_OPTIONS=detect_leaks=0 "clang -o conftest -I/opt/homebrew/Cellar/ruby@3.4/3.4.8/include/ruby-3.4.0/arm64-darwin23 -I/opt/homebrew/Cellar/ruby@3.4/3.4.8/include/ruby-3.4.0/ruby/backward -I/opt/homebrew/Cellar/ruby@3.4/3.4.8/include/ruby-3.4.0 -I. -I/opt/homebrew/opt/libyaml/include -I/opt/homebrew/opt/openssl@3/include -D_XOPEN_SOURCE -D_DARWIN_C_SOURCE -D_DARWIN_UNLIMITED_SELECT -D_REENTRANT   -fstack-protector-strong -U_FORTIFY_SOURCE -D_FORTIFY_SOURCE=2 -fdeclspec  -O3 -fno-fast-math -ggdb3 -Wall -Wextra -Wextra-tokens -Wdeprecated-declarations -Wdivision-by-zero -Wdiv-by-zero -Wimplicit-function-declaration -Wimplicit-int -Wpointer-arith -Wshorten-64-to-32 -Wwrite-strings -Wold-style-definition -Wmissing-noreturn -Wno-cast-function-type -Wno-constant-logical-operand -Wno-long-long -Wno-missing-field-initializers -Wno-overlength-strings -Wno-parentheses-equality -Wno-self-assign -Wno-tautological-compare -Wno-unused-parameter -Wno-unused-value -Wunused-variable -Wmisleading-indentation -Wundef -fno-common -pipe conftest.c -L. -L/opt/homebrew/Cellar/ruby@3.4/3.4.8/lib -L/opt/homebrew/opt/libyaml/lib -L/opt/homebrew/opt/openssl@3/lib -L. -fstack-protector-strong -L/opt/homebrew/Cellar/libyaml/0.2.5/lib -L/opt/homebrew/Cellar/openssl@3/3.6.0/lib  -arch arm64   -lruby.3.4  -lpthread  "
ld: warning: search path '/opt/homebrew/Cellar/openssl@3/3.6.0/lib' not found
checked program was:
/* begin */
1: #include "ruby.h"
2: 
3: int main(int argc, char **argv)
4: {
5:   return !!argv[argc];
6: }
/* end */

DYLD_LIBRARY_PATH=.:/opt/homebrew/Cellar/ruby@3.4/3.4.8/lib ASAN_OPTIONS=detect_leaks=0 "clang -I/opt/homebrew/Cellar/ruby@3.4/3.4.8/include/ruby-3.4.0/arm64-darwin23 -I/opt/homebrew/Cellar/ruby@3.4/3.4.8/include/ruby-3.4.0/ruby/backward -I/opt/homebrew/Cellar/ruby@3.4/3.4.8/include/ruby-3.4.0 -I. -I/opt/homebrew/opt/libyaml/include -I/opt/homebrew/opt/openssl@3/include -D_XOPEN_SOURCE -D_DARWIN_C_SOURCE -D_DARWIN_UNLIMITED_SELECT -D_REENTRANT   -fstack-protector-strong -U_FORTIFY_SOURCE -D_FORTIFY_SOURCE=2 -fdeclspec  -O3 -fno-fast-math -ggdb3 -Wall -Wextra -Wextra-tokens -Wdeprecated-declarations -Wdivision-by-zero -Wdiv-by-zero -Wimplicit-function-declaration -Wimplicit-int -Wpointer-arith -Wshorten-64-to-32 -Wwrite-strings -Wold-style-definition -Wmissing-noreturn -Wno-cast-function-type -Wno-constant-logical-operand -Wno-long-long -Wno-missing-field-initializers -Wno-overlength-strings -Wno-parentheses-equality -Wno-self-assign -Wno-tautological-compare -Wno-unused-parameter -Wno-unused-value -Wunused-variable -Wmisleading-indentation -Wundef -fno-common -pipe -arch arm64  -c conftest.c"
conftest.c:3:10: fatal error: 'prism.h' file not found
    3 | #include <prism.h>
      |          ^~~~~~~~~
1 error generated.
checked program was:
/* begin */
1: #include "ruby.h"
2: 
3: #include <prism.h>
/* end */

DYLD_LIBRARY_PATH=.:/opt/homebrew/Cellar/ruby@3.4/3.4.8/lib ASAN_OPTIONS=detect_leaks=0 "clang -I/opt/homebrew/Cellar/ruby@3.4/3.4.8/include/ruby-3.4.0/arm64-darwin23 -I/opt/homebrew/Cellar/ruby@3.4/3.4.8/include/ruby-3.4.0/ruby/backward -I/opt/homebrew/Cellar/ruby@3.4/3.4.8/include/ruby-3.4.0 -I. -I/opt/homebrew/opt/libyaml/include -I/opt/homebrew/opt/openssl@3/include -D_XOPEN_SOURCE -D_DARWIN_C_SOURCE -D_DARWIN_UNLIMITED_SELECT -D_REENTRANT   -fstack-protector-strong -U_FORTIFY_SOURCE -D_FORTIFY_SOURCE=2 -fdeclspec  -O3 -fno-fast-math -ggdb3 -Wall -Wextra -Wextra-tokens -Wdeprecated-declarations -Wdivision-by-zero -Wdiv-by-zero -Wimplicit-function-declaration -Wimplicit-int -Wpointer-arith -Wshorten-64-to-32 -Wwrite-strings -Wold-style-definition -Wmissing-noreturn -Wno-cast-function-type -Wno-constant-logical-operand -Wno-long-long -Wno-missing-field-initializers -Wno-overlength-strings -Wno-parentheses-equality -Wno-self-assign -Wno-tautological-compare -Wno-unused-parameter -Wno-unused-value -Wunused-variable -Wmisleading-indentation -Wundef -fno-common -pipe -arch arm64 -I/Users/hongchix/xiahongchi.github.io/vendor/bundle/ruby/3.4.0/gems/prism-1.9.0/include -c conftest.c"
checked program was:
/* begin */
1: #include "ruby.h"
2: 
3: #include <prism.h>
/* end */

--------------------

find_header: checking for prism/extension.h in /Users/hongchix/xiahongchi.github.io/vendor/bundle/ruby/3.4.0/gems/prism-1.9.0/ext... -------------------- yes

DYLD_LIBRARY_PATH=.:/opt/homebrew/Cellar/ruby@3.4/3.4.8/lib ASAN_OPTIONS=detect_leaks=0 "clang -I/opt/homebrew/Cellar/ruby@3.4/3.4.8/include/ruby-3.4.0/arm64-darwin23 -I/opt/homebrew/Cellar/ruby@3.4/3.4.8/include/ruby-3.4.0/ruby/backward -I/opt/homebrew/Cellar/ruby@3.4/3.4.8/include/ruby-3.4.0 -I. -I/Users/hongchix/xiahongchi.github.io/vendor/bundle/ruby/3.4.0/gems/prism-1.9.0/include -I/opt/homebrew/opt/libyaml/include -I/opt/homebrew/opt/openssl@3/include -D_XOPEN_SOURCE -D_DARWIN_C_SOURCE -D_DARWIN_UNLIMITED_SELECT -D_REENTRANT   -fstack-protector-strong -U_FORTIFY_SOURCE -D_FORTIFY_SOURCE=2 -fdeclspec  -O3 -fno-fast-math -ggdb3 -Wall -Wextra -Wextra-tokens -Wdeprecated-declarations -Wdivision-by-zero -Wdiv-by-zero -Wimplicit-function-declaration -Wimplicit-int -Wpointer-arith -Wshorten-64-to-32 -Wwrite-strings -Wold-style-definition -Wmissing-noreturn -Wno-cast-function-type -Wno-constant-logical-operand -Wno-long-long -Wno-missing-field-initializers -Wno-overlength-strings -Wno-parentheses-equality -Wno-self-assign -Wno-tautological-compare -Wno-unused-parameter -Wno-unused-value -Wunused-variable -Wmisleading-indentation -Wundef -fno-common -pipe -arch arm64  -c conftest.c"
conftest.c:3:10: fatal error: 'prism/extension.h' file not found
    3 | #include <prism/extension.h>
      |          ^~~~~~~~~~~~~~~~~~~
1 error generated.
checked program was:
/* begin */
1: #include "ruby.h"
2: 
3: #include <prism/extension.h>
/* end */

DYLD_LIBRARY_PATH=.:/opt/homebrew/Cellar/ruby@3.4/3.4.8/lib ASAN_OPTIONS=detect_leaks=0 "clang -I/opt/homebrew/Cellar/ruby@3.4/3.4.8/include/ruby-3.4.0/arm64-darwin23 -I/opt/homebrew/Cellar/ruby@3.4/3.4.8/include/ruby-3.4.0/ruby/backward -I/opt/homebrew/Cellar/ruby@3.4/3.4.8/include/ruby-3.4.0 -I. -I/Users/hongchix/xiahongchi.github.io/vendor/bundle/ruby/3.4.0/gems/prism-1.9.0/include -I/opt/homebrew/opt/libyaml/include -I/opt/homebrew/opt/openssl@3/include -D_XOPEN_SOURCE -D_DARWIN_C_SOURCE -D_DARWIN_UNLIMITED_SELECT -D_REENTRANT   -fstack-protector-strong -U_FORTIFY_SOURCE -D_FORTIFY_SOURCE=2 -fdeclspec  -O3 -fno-fast-math -ggdb3 -Wall -Wextra -Wextra-tokens -Wdeprecated-declarations -Wdivision-by-zero -Wdiv-by-zero -Wimplicit-function-declaration -Wimplicit-int -Wpointer-arith -Wshorten-64-to-32 -Wwrite-strings -Wold-style-definition -Wmissing-noreturn -Wno-cast-function-type -Wno-constant-logical-operand -Wno-long-long -Wno-missing-field-initializers -Wno-overlength-strings -Wno-parentheses-equality -Wno-self-assign -Wno-tautological-compare -Wno-unused-parameter -Wno-unused-value -Wunused-variable -Wmisleading-indentation -Wundef -fno-common -pipe -arch arm64 -I/Users/hongchix/xiahongchi.github.io/vendor/bundle/ruby/3.4.0/gems/prism-1.9.0/ext -c conftest.c"
checked program was:
/* begin */
1: #include "ruby.h"
2: 
3: #include <prism/extension.h>
/* end */

--------------------

append_cflags: checking for whether -fvisibility=hidden is accepted as CFLAGS... -------------------- yes

DYLD_LIBRARY_PATH=.:/opt/homebrew/Cellar/ruby@3.4/3.4.8/lib ASAN_OPTIONS=detect_leaks=0 "clang -I/opt/homebrew/Cellar/ruby@3.4/3.4.8/include/ruby-3.4.0/arm64-darwin23 -I/opt/homebrew/Cellar/ruby@3.4/3.4.8/include/ruby-3.4.0/ruby/backward -I/opt/homebrew/Cellar/ruby@3.4/3.4.8/include/ruby-3.4.0 -I. -I/Users/hongchix/xiahongchi.github.io/vendor/bundle/ruby/3.4.0/gems/prism-1.9.0/include -I/Users/hongchix/xiahongchi.github.io/vendor/bundle/ruby/3.4.0/gems/prism-1.9.0/ext -I/opt/homebrew/opt/libyaml/include -I/opt/homebrew/opt/openssl@3/include -D_XOPEN_SOURCE -D_DARWIN_C_SOURCE -D_DARWIN_UNLIMITED_SELECT -D_REENTRANT   -fstack-protector-strong -U_FORTIFY_SOURCE -D_FORTIFY_SOURCE=2 -fdeclspec  -O3 -fno-fast-math -ggdb3 -Wall -Wextra -Wextra-tokens -Wdeprecated-declarations -Wdivision-by-zero -Wdiv-by-zero -Wimplicit-function-declaration -Wimplicit-int -Wpointer-arith -Wshorten-64-to-32 -Wwrite-strings -Wold-style-definition -Wmissing-noreturn -Wno-cast-function-type -Wno-constant-logical-operand -Wno-long-long -Wno-missing-field-initializers -Wno-overlength-strings -Wno-parentheses-equality -Wno-self-assign -Wno-tautological-compare -Wno-unused-parameter -Wno-unused-value -Wunused-variable -Wmisleading-indentation -Wundef -fno-common -pipe -arch arm64 -fvisibility=hidden -Werror -c conftest.c"
checked program was:
/* begin */
1: #include "ruby.h"
2: 
3: int main(int argc, char **argv)
4: {
5:   return !!argv[argc];
6: }
/* end */

--------------------

